Dakota version 6.3 released November 15 2015.
Subversion revision 3842 built Feb  1 2016 09:00:47.
Running serial Dakota executable in serial mode.
Start time: Tue Feb  2 19:28:15 2016

-----------------------
Begin DAKOTA input file
dakota_of.in
-----------------------
# Usage:
#   dakota -i dakota_of.in -o run.out > stdout.out



environment
    #graphics
    tabular_graphics_data
        tabular_graphics_file = 'table_out.dat'

    
    
method
  multidim_parameter_study
    partitions = 8 5
    
model
  single

  
variables,
  continuous_design = 2
    lower_bounds      1.0    1.0  
    upper_bounds      9.0    6.0
    descriptors       'x1'   'x2'
	  
	  

interface
	fork
	  asynchronous
#	  evaluation_concurrency = 8
	  evaluation_concurrency = 4
	  analysis_driver = 'simulator_script'
	  parameters_file = 'params.in'
	  results_file    = 'results.out'
	  work_directory directory_tag
	 

	 #version 6.0.0 
         #template_directory = 'templatedir'
         #version 6.1.0
          copy_files = 'templatedir/*'

 
# uncomment to leave params.in and results.out files in work_dir subdirectories
	  named 'workdir' file_save  directory_save
	  aprepro
	  
## when using conmin_frcg (above) with analytic_gradients (below), 
## need to turn off the active set vector as rosenbrock_bb does not parse it.
 	  deactivate active_set_vector
	
	
responses
  num_objective_functions = 1
  no_gradients
  no_hessians

---------------------
End DAKOTA input file
---------------------

Using Dakota input file 'dakota_of.in'
Writing new restart file dakota.rst

>>>>> Executing environment.

>>>>> Running multidim_parameter_study iterator.

Multidimensional parameter study variable partitions of
                                     8
                                     5

---------------------
Begin Evaluation    1
---------------------
Parameters for evaluation 1:
                      1.0000000000e+00 x1
                      1.0000000000e+00 x2

(Asynchronous job 1 added to queue)

---------------------
Begin Evaluation    2
---------------------
Parameters for evaluation 2:
                      2.0000000000e+00 x1
                      1.0000000000e+00 x2

(Asynchronous job 2 added to queue)

---------------------
Begin Evaluation    3
---------------------
Parameters for evaluation 3:
                      3.0000000000e+00 x1
                      1.0000000000e+00 x2

(Asynchronous job 3 added to queue)

---------------------
Begin Evaluation    4
---------------------
Parameters for evaluation 4:
                      4.0000000000e+00 x1
                      1.0000000000e+00 x2

(Asynchronous job 4 added to queue)

---------------------
Begin Evaluation    5
---------------------
Parameters for evaluation 5:
                      5.0000000000e+00 x1
                      1.0000000000e+00 x2

(Asynchronous job 5 added to queue)

---------------------
Begin Evaluation    6
---------------------
Parameters for evaluation 6:
                      6.0000000000e+00 x1
                      1.0000000000e+00 x2

(Asynchronous job 6 added to queue)

---------------------
Begin Evaluation    7
---------------------
Parameters for evaluation 7:
                      7.0000000000e+00 x1
                      1.0000000000e+00 x2

(Asynchronous job 7 added to queue)

---------------------
Begin Evaluation    8
---------------------
Parameters for evaluation 8:
                      8.0000000000e+00 x1
                      1.0000000000e+00 x2

(Asynchronous job 8 added to queue)

---------------------
Begin Evaluation    9
---------------------
Parameters for evaluation 9:
                      9.0000000000e+00 x1
                      1.0000000000e+00 x2

(Asynchronous job 9 added to queue)

---------------------
Begin Evaluation   10
---------------------
Parameters for evaluation 10:
                      1.0000000000e+00 x1
                      2.0000000000e+00 x2

(Asynchronous job 10 added to queue)

---------------------
Begin Evaluation   11
---------------------
Parameters for evaluation 11:
                      2.0000000000e+00 x1
                      2.0000000000e+00 x2

(Asynchronous job 11 added to queue)

---------------------
Begin Evaluation   12
---------------------
Parameters for evaluation 12:
                      3.0000000000e+00 x1
                      2.0000000000e+00 x2

(Asynchronous job 12 added to queue)

---------------------
Begin Evaluation   13
---------------------
Parameters for evaluation 13:
                      4.0000000000e+00 x1
                      2.0000000000e+00 x2

(Asynchronous job 13 added to queue)

---------------------
Begin Evaluation   14
---------------------
Parameters for evaluation 14:
                      5.0000000000e+00 x1
                      2.0000000000e+00 x2

(Asynchronous job 14 added to queue)

---------------------
Begin Evaluation   15
---------------------
Parameters for evaluation 15:
                      6.0000000000e+00 x1
                      2.0000000000e+00 x2

(Asynchronous job 15 added to queue)

---------------------
Begin Evaluation   16
---------------------
Parameters for evaluation 16:
                      7.0000000000e+00 x1
                      2.0000000000e+00 x2

(Asynchronous job 16 added to queue)

---------------------
Begin Evaluation   17
---------------------
Parameters for evaluation 17:
                      8.0000000000e+00 x1
                      2.0000000000e+00 x2

(Asynchronous job 17 added to queue)

---------------------
Begin Evaluation   18
---------------------
Parameters for evaluation 18:
                      9.0000000000e+00 x1
                      2.0000000000e+00 x2

(Asynchronous job 18 added to queue)

---------------------
Begin Evaluation   19
---------------------
Parameters for evaluation 19:
                      1.0000000000e+00 x1
                      3.0000000000e+00 x2

(Asynchronous job 19 added to queue)

---------------------
Begin Evaluation   20
---------------------
Parameters for evaluation 20:
                      2.0000000000e+00 x1
                      3.0000000000e+00 x2

(Asynchronous job 20 added to queue)

---------------------
Begin Evaluation   21
---------------------
Parameters for evaluation 21:
                      3.0000000000e+00 x1
                      3.0000000000e+00 x2

(Asynchronous job 21 added to queue)

---------------------
Begin Evaluation   22
---------------------
Parameters for evaluation 22:
                      4.0000000000e+00 x1
                      3.0000000000e+00 x2

(Asynchronous job 22 added to queue)

---------------------
Begin Evaluation   23
---------------------
Parameters for evaluation 23:
                      5.0000000000e+00 x1
                      3.0000000000e+00 x2

(Asynchronous job 23 added to queue)

---------------------
Begin Evaluation   24
---------------------
Parameters for evaluation 24:
                      6.0000000000e+00 x1
                      3.0000000000e+00 x2

(Asynchronous job 24 added to queue)

---------------------
Begin Evaluation   25
---------------------
Parameters for evaluation 25:
                      7.0000000000e+00 x1
                      3.0000000000e+00 x2

(Asynchronous job 25 added to queue)

---------------------
Begin Evaluation   26
---------------------
Parameters for evaluation 26:
                      8.0000000000e+00 x1
                      3.0000000000e+00 x2

(Asynchronous job 26 added to queue)

---------------------
Begin Evaluation   27
---------------------
Parameters for evaluation 27:
                      9.0000000000e+00 x1
                      3.0000000000e+00 x2

(Asynchronous job 27 added to queue)

---------------------
Begin Evaluation   28
---------------------
Parameters for evaluation 28:
                      1.0000000000e+00 x1
                      4.0000000000e+00 x2

(Asynchronous job 28 added to queue)

---------------------
Begin Evaluation   29
---------------------
Parameters for evaluation 29:
                      2.0000000000e+00 x1
                      4.0000000000e+00 x2

(Asynchronous job 29 added to queue)

---------------------
Begin Evaluation   30
---------------------
Parameters for evaluation 30:
                      3.0000000000e+00 x1
                      4.0000000000e+00 x2

(Asynchronous job 30 added to queue)

---------------------
Begin Evaluation   31
---------------------
Parameters for evaluation 31:
                      4.0000000000e+00 x1
                      4.0000000000e+00 x2

(Asynchronous job 31 added to queue)

---------------------
Begin Evaluation   32
---------------------
Parameters for evaluation 32:
                      5.0000000000e+00 x1
                      4.0000000000e+00 x2

(Asynchronous job 32 added to queue)

---------------------
Begin Evaluation   33
---------------------
Parameters for evaluation 33:
                      6.0000000000e+00 x1
                      4.0000000000e+00 x2

(Asynchronous job 33 added to queue)

---------------------
Begin Evaluation   34
---------------------
Parameters for evaluation 34:
                      7.0000000000e+00 x1
                      4.0000000000e+00 x2

(Asynchronous job 34 added to queue)

---------------------
Begin Evaluation   35
---------------------
Parameters for evaluation 35:
                      8.0000000000e+00 x1
                      4.0000000000e+00 x2

(Asynchronous job 35 added to queue)

---------------------
Begin Evaluation   36
---------------------
Parameters for evaluation 36:
                      9.0000000000e+00 x1
                      4.0000000000e+00 x2

(Asynchronous job 36 added to queue)

---------------------
Begin Evaluation   37
---------------------
Parameters for evaluation 37:
                      1.0000000000e+00 x1
                      5.0000000000e+00 x2

(Asynchronous job 37 added to queue)

---------------------
Begin Evaluation   38
---------------------
Parameters for evaluation 38:
                      2.0000000000e+00 x1
                      5.0000000000e+00 x2

(Asynchronous job 38 added to queue)

---------------------
Begin Evaluation   39
---------------------
Parameters for evaluation 39:
                      3.0000000000e+00 x1
                      5.0000000000e+00 x2

(Asynchronous job 39 added to queue)

---------------------
Begin Evaluation   40
---------------------
Parameters for evaluation 40:
                      4.0000000000e+00 x1
                      5.0000000000e+00 x2

(Asynchronous job 40 added to queue)

---------------------
Begin Evaluation   41
---------------------
Parameters for evaluation 41:
                      5.0000000000e+00 x1
                      5.0000000000e+00 x2

(Asynchronous job 41 added to queue)

---------------------
Begin Evaluation   42
---------------------
Parameters for evaluation 42:
                      6.0000000000e+00 x1
                      5.0000000000e+00 x2

(Asynchronous job 42 added to queue)

---------------------
Begin Evaluation   43
---------------------
Parameters for evaluation 43:
                      7.0000000000e+00 x1
                      5.0000000000e+00 x2

(Asynchronous job 43 added to queue)

---------------------
Begin Evaluation   44
---------------------
Parameters for evaluation 44:
                      8.0000000000e+00 x1
                      5.0000000000e+00 x2

(Asynchronous job 44 added to queue)

---------------------
Begin Evaluation   45
---------------------
Parameters for evaluation 45:
                      9.0000000000e+00 x1
                      5.0000000000e+00 x2

(Asynchronous job 45 added to queue)

---------------------
Begin Evaluation   46
---------------------
Parameters for evaluation 46:
                      1.0000000000e+00 x1
                      6.0000000000e+00 x2

(Asynchronous job 46 added to queue)

---------------------
Begin Evaluation   47
---------------------
Parameters for evaluation 47:
                      2.0000000000e+00 x1
                      6.0000000000e+00 x2

(Asynchronous job 47 added to queue)

---------------------
Begin Evaluation   48
---------------------
Parameters for evaluation 48:
                      3.0000000000e+00 x1
                      6.0000000000e+00 x2

(Asynchronous job 48 added to queue)

---------------------
Begin Evaluation   49
---------------------
Parameters for evaluation 49:
                      4.0000000000e+00 x1
                      6.0000000000e+00 x2

(Asynchronous job 49 added to queue)

---------------------
Begin Evaluation   50
---------------------
Parameters for evaluation 50:
                      5.0000000000e+00 x1
                      6.0000000000e+00 x2

(Asynchronous job 50 added to queue)

---------------------
Begin Evaluation   51
---------------------
Parameters for evaluation 51:
                      6.0000000000e+00 x1
                      6.0000000000e+00 x2

(Asynchronous job 51 added to queue)

---------------------
Begin Evaluation   52
---------------------
Parameters for evaluation 52:
                      7.0000000000e+00 x1
                      6.0000000000e+00 x2

(Asynchronous job 52 added to queue)

---------------------
Begin Evaluation   53
---------------------
Parameters for evaluation 53:
                      8.0000000000e+00 x1
                      6.0000000000e+00 x2

(Asynchronous job 53 added to queue)

---------------------
Begin Evaluation   54
---------------------
Parameters for evaluation 54:
                      9.0000000000e+00 x1
                      6.0000000000e+00 x2

(Asynchronous job 54 added to queue)

Blocking synchronize of 54 asynchronous evaluations
First pass: initiating 4 local asynchronous jobs
Initiating evaluation 1
nonblocking fork: simulator_script params.in results.out
Initiating evaluation 2
nonblocking fork: simulator_script params.in results.out
Initiating evaluation 3
nonblocking fork: simulator_script params.in results.out
Initiating evaluation 4
nonblocking fork: simulator_script params.in results.out
Second pass: scheduling 50 remaining local asynchronous jobs
Waiting on completed jobs
Evaluation 2 has completed
Evaluation 4 has completed
Initiating evaluation 5
nonblocking fork: simulator_script params.in results.out
Initiating evaluation 6
nonblocking fork: simulator_script params.in results.out
Waiting on completed jobs
Evaluation 1 has completed
Initiating evaluation 7
nonblocking fork: simulator_script params.in results.out
Waiting on completed jobs
Evaluation 3 has completed
Initiating evaluation 8
nonblocking fork: simulator_script params.in results.out
Waiting on completed jobs
Evaluation 5 has completed
Initiating evaluation 9
nonblocking fork: simulator_script params.in results.out
Waiting on completed jobs
Evaluation 6 has completed
Initiating evaluation 10
nonblocking fork: simulator_script params.in results.out
Waiting on completed jobs
Evaluation 7 has completed
Initiating evaluation 11
nonblocking fork: simulator_script params.in results.out
Waiting on completed jobs
Evaluation 8 has completed
Initiating evaluation 12
nonblocking fork: simulator_script params.in results.out
Waiting on completed jobs
Evaluation 10 has completed
Initiating evaluation 13
nonblocking fork: simulator_script params.in results.out
Waiting on completed jobs
Evaluation 11 has completed
Initiating evaluation 14
nonblocking fork: simulator_script params.in results.out
Waiting on completed jobs
Evaluation 9 has completed
Initiating evaluation 15
nonblocking fork: simulator_script params.in results.out
Waiting on completed jobs
Evaluation 12 has completed
Initiating evaluation 16
nonblocking fork: simulator_script params.in results.out
Waiting on completed jobs
Evaluation 13 has completed
Initiating evaluation 17
nonblocking fork: simulator_script params.in results.out
Waiting on completed jobs
Evaluation 14 has completed
Initiating evaluation 18
nonblocking fork: simulator_script params.in results.out
Waiting on completed jobs
Evaluation 16 has completed
Initiating evaluation 19
nonblocking fork: simulator_script params.in results.out
Waiting on completed jobs
Evaluation 15 has completed
Initiating evaluation 20
nonblocking fork: simulator_script params.in results.out
Waiting on completed jobs
Evaluation 17 has completed
Initiating evaluation 21
nonblocking fork: simulator_script params.in results.out
Waiting on completed jobs
Evaluation 18 has completed
Initiating evaluation 22
nonblocking fork: simulator_script params.in results.out
Waiting on completed jobs
Evaluation 20 has completed
Initiating evaluation 23
nonblocking fork: simulator_script params.in results.out
Waiting on completed jobs
Evaluation 19 has completed
Initiating evaluation 24
nonblocking fork: simulator_script params.in results.out
Waiting on completed jobs
Evaluation 21 has completed
Initiating evaluation 25
nonblocking fork: simulator_script params.in results.out
Waiting on completed jobs
Evaluation 22 has completed
Initiating evaluation 26
nonblocking fork: simulator_script params.in results.out
Waiting on completed jobs
Evaluation 24 has completed
Initiating evaluation 27
nonblocking fork: simulator_script params.in results.out
Waiting on completed jobs
Evaluation 23 has completed
Initiating evaluation 28
nonblocking fork: simulator_script params.in results.out
Waiting on completed jobs
Evaluation 25 has completed
Initiating evaluation 29
nonblocking fork: simulator_script params.in results.out
Waiting on completed jobs
Evaluation 26 has completed
Initiating evaluation 30
nonblocking fork: simulator_script params.in results.out
Waiting on completed jobs
Evaluation 27 has completed
Initiating evaluation 31
nonblocking fork: simulator_script params.in results.out
Waiting on completed jobs
Evaluation 28 has completed
Initiating evaluation 32
nonblocking fork: simulator_script params.in results.out
Waiting on completed jobs
Evaluation 29 has completed
Initiating evaluation 33
nonblocking fork: simulator_script params.in results.out
Waiting on completed jobs
Evaluation 30 has completed
Initiating evaluation 34
nonblocking fork: simulator_script params.in results.out
Waiting on completed jobs
Evaluation 31 has completed
Initiating evaluation 35
nonblocking fork: simulator_script params.in results.out
Waiting on completed jobs
Evaluation 32 has completed
Initiating evaluation 36
nonblocking fork: simulator_script params.in results.out
Waiting on completed jobs
Evaluation 33 has completed
Initiating evaluation 37
nonblocking fork: simulator_script params.in results.out
Waiting on completed jobs
Evaluation 34 has completed
Initiating evaluation 38
nonblocking fork: simulator_script params.in results.out
Waiting on completed jobs
Evaluation 35 has completed
Initiating evaluation 39
nonblocking fork: simulator_script params.in results.out
Waiting on completed jobs
Evaluation 37 has completed
Initiating evaluation 40
nonblocking fork: simulator_script params.in results.out
Waiting on completed jobs
Evaluation 36 has completed
Initiating evaluation 41
nonblocking fork: simulator_script params.in results.out
Waiting on completed jobs
Evaluation 38 has completed
Initiating evaluation 42
nonblocking fork: simulator_script params.in results.out
Waiting on completed jobs
Evaluation 39 has completed
Initiating evaluation 43
nonblocking fork: simulator_script params.in results.out
Waiting on completed jobs
Evaluation 40 has completed
Initiating evaluation 44
nonblocking fork: simulator_script params.in results.out
Waiting on completed jobs
Evaluation 42 has completed
Initiating evaluation 45
nonblocking fork: simulator_script params.in results.out
Waiting on completed jobs
Evaluation 41 has completed
Initiating evaluation 46
nonblocking fork: simulator_script params.in results.out
Waiting on completed jobs
Evaluation 44 has completed
Initiating evaluation 47
nonblocking fork: simulator_script params.in results.out
Waiting on completed jobs
Evaluation 45 has completed
Initiating evaluation 48
nonblocking fork: simulator_script params.in results.out
Waiting on completed jobs
Evaluation 43 has completed
Initiating evaluation 49
nonblocking fork: simulator_script params.in results.out
Waiting on completed jobs
Evaluation 46 has completed
Initiating evaluation 50
nonblocking fork: simulator_script params.in results.out
Waiting on completed jobs
Evaluation 47 has completed
Initiating evaluation 51
nonblocking fork: simulator_script params.in results.out
Waiting on completed jobs
Evaluation 49 has completed
Initiating evaluation 52
nonblocking fork: simulator_script params.in results.out
Waiting on completed jobs
Evaluation 48 has completed
Initiating evaluation 53
nonblocking fork: simulator_script params.in results.out
Waiting on completed jobs
Evaluation 50 has completed
Initiating evaluation 54
nonblocking fork: simulator_script params.in results.out
Waiting on completed jobs
Evaluation 51 has completed
Waiting on completed jobs
Evaluation 52 has completed
Waiting on completed jobs
Evaluation 53 has completed
Waiting on completed jobs
Evaluation 54 has completed

Active response data for evaluation 1:
Active set vector = { 1 }
                      3.4921800000e-03 obj_fn


Active response data for evaluation 2:
Active set vector = { 1 }
                      4.4243100000e-03 obj_fn


Active response data for evaluation 3:
Active set vector = { 1 }
                      5.5409200000e-03 obj_fn


Active response data for evaluation 4:
Active set vector = { 1 }
                      8.2072000000e-03 obj_fn


Active response data for evaluation 5:
Active set vector = { 1 }
                      8.4931700000e-03 obj_fn


Active response data for evaluation 6:
Active set vector = { 1 }
                      7.4027800000e-03 obj_fn


Active response data for evaluation 7:
Active set vector = { 1 }
                      7.8248400000e-03 obj_fn


Active response data for evaluation 8:
Active set vector = { 1 }
                      9.0618700000e-03 obj_fn


Active response data for evaluation 9:
Active set vector = { 1 }
                      1.2067000000e-02 obj_fn


Active response data for evaluation 10:
Active set vector = { 1 }
                      3.4896600000e-03 obj_fn


Active response data for evaluation 11:
Active set vector = { 1 }
                      3.6068800000e-03 obj_fn


Active response data for evaluation 12:
Active set vector = { 1 }
                      4.6040900000e-03 obj_fn


Active response data for evaluation 13:
Active set vector = { 1 }
                      5.0517400000e-03 obj_fn


Active response data for evaluation 14:
Active set vector = { 1 }
                      5.9240700000e-03 obj_fn


Active response data for evaluation 15:
Active set vector = { 1 }
                      7.5596000000e-03 obj_fn


Active response data for evaluation 16:
Active set vector = { 1 }
                      7.8188300000e-03 obj_fn


Active response data for evaluation 17:
Active set vector = { 1 }
                      1.0095400000e-02 obj_fn


Active response data for evaluation 18:
Active set vector = { 1 }
                      1.1467000000e-02 obj_fn


Active response data for evaluation 19:
Active set vector = { 1 }
                      3.3610300000e-03 obj_fn


Active response data for evaluation 20:
Active set vector = { 1 }
                      3.5456100000e-03 obj_fn


Active response data for evaluation 21:
Active set vector = { 1 }
                      4.6917800000e-03 obj_fn


Active response data for evaluation 22:
Active set vector = { 1 }
                      4.4920400000e-03 obj_fn


Active response data for evaluation 23:
Active set vector = { 1 }
                      4.9657900000e-03 obj_fn


Active response data for evaluation 24:
Active set vector = { 1 }
                      5.7889100000e-03 obj_fn


Active response data for evaluation 25:
Active set vector = { 1 }
                      6.7364000000e-03 obj_fn


Active response data for evaluation 26:
Active set vector = { 1 }
                      7.1354600000e-03 obj_fn


Active response data for evaluation 27:
Active set vector = { 1 }
                      8.4295500000e-03 obj_fn


Active response data for evaluation 28:
Active set vector = { 1 }
                      3.5130200000e-03 obj_fn


Active response data for evaluation 29:
Active set vector = { 1 }
                      3.6611900000e-03 obj_fn


Active response data for evaluation 30:
Active set vector = { 1 }
                      4.0832300000e-03 obj_fn


Active response data for evaluation 31:
Active set vector = { 1 }
                      4.2765900000e-03 obj_fn


Active response data for evaluation 32:
Active set vector = { 1 }
                      4.9659100000e-03 obj_fn


Active response data for evaluation 33:
Active set vector = { 1 }
                      5.3812600000e-03 obj_fn


Active response data for evaluation 34:
Active set vector = { 1 }
                      5.7645400000e-03 obj_fn


Active response data for evaluation 35:
Active set vector = { 1 }
                      6.4885700000e-03 obj_fn


Active response data for evaluation 36:
Active set vector = { 1 }
                      7.4933300000e-03 obj_fn


Active response data for evaluation 37:
Active set vector = { 1 }
                      3.5058400000e-03 obj_fn


Active response data for evaluation 38:
Active set vector = { 1 }
                      4.6624100000e-03 obj_fn


Active response data for evaluation 39:
Active set vector = { 1 }
                      3.8724000000e-03 obj_fn


Active response data for evaluation 40:
Active set vector = { 1 }
                      4.2760800000e-03 obj_fn


Active response data for evaluation 41:
Active set vector = { 1 }
                      4.6035800000e-03 obj_fn


Active response data for evaluation 42:
Active set vector = { 1 }
                      5.4393100000e-03 obj_fn


Active response data for evaluation 43:
Active set vector = { 1 }
                      6.1938000000e-03 obj_fn


Active response data for evaluation 44:
Active set vector = { 1 }
                      6.3175400000e-03 obj_fn


Active response data for evaluation 45:
Active set vector = { 1 }
                      6.8647700000e-03 obj_fn


Active response data for evaluation 46:
Active set vector = { 1 }
                      3.8739100000e-03 obj_fn


Active response data for evaluation 47:
Active set vector = { 1 }
                      3.8129000000e-03 obj_fn


Active response data for evaluation 48:
Active set vector = { 1 }
                      4.0644700000e-03 obj_fn


Active response data for evaluation 49:
Active set vector = { 1 }
                      4.4798700000e-03 obj_fn


Active response data for evaluation 50:
Active set vector = { 1 }
                      5.0793000000e-03 obj_fn


Active response data for evaluation 51:
Active set vector = { 1 }
                      5.6879500000e-03 obj_fn


Active response data for evaluation 52:
Active set vector = { 1 }
                      5.9770000000e-03 obj_fn


Active response data for evaluation 53:
Active set vector = { 1 }
                      6.8042500000e-03 obj_fn


Active response data for evaluation 54:
Active set vector = { 1 }
                      7.8700900000e-03 obj_fn

<<<<< Function evaluation summary: 54 total (54 new, 0 duplicate)
<<<<< Best parameters          =
                      1.0000000000e+00 x1
                      3.0000000000e+00 x2
<<<<< Best objective function  =
                      3.3610300000e-03
<<<<< Best data captured at function evaluation 19

Simple Correlation Matrix among all inputs and outputs:
                       x1           x2       obj_fn 
          x1  1.00000e+00 
          x2  0.00000e+00  1.00000e+00 
      obj_fn  8.15693e-01 -3.71065e-01  1.00000e+00 

Partial Correlation Matrix between input and output:
                   obj_fn 
          x1  8.78405e-01 
          x2 -6.41442e-01 

Simple Rank Correlation Matrix among all inputs and outputs:
                       x1           x2       obj_fn 
          x1  1.00000e+00 
          x2 -4.63884e-02  1.00000e+00 
      obj_fn  8.80313e-01 -3.28607e-01  1.00000e+00 

Partial Rank Correlation Matrix between input and output:
                   obj_fn 
          x1  9.16921e-01 
          x2 -6.07260e-01 


<<<<< Iterator multidim_parameter_study completed.
<<<<< Environment execution completed.
DAKOTA execution time in seconds:
  Total CPU        =   0.080393 [parent =       0.08, child =   0.000393]
  Total wall clock =    2088.31
