************************************
Running in directory: 
/home/joegi/OpenFOAM/of_courses/advanced_training_2016/dakota63/dakota_openfoam_cases/naca_shape/multidim/multi1/workdir.2
************************************
************************************
Running in directory: 
/home/joegi/OpenFOAM/of_courses/advanced_training_2016/dakota63/dakota_openfoam_cases/naca_shape/multidim/multi1/workdir.4
************************************
************************************
Running in directory: 
/home/joegi/OpenFOAM/of_courses/advanced_training_2016/dakota63/dakota_openfoam_cases/naca_shape/multidim/multi1/workdir.1
************************************
************************************
Running in directory: 
/home/joegi/OpenFOAM/of_courses/advanced_training_2016/dakota63/dakota_openfoam_cases/naca_shape/multidim/multi1/workdir.3
************************************
************************************
************************************
results.out OK (not empty)
results.out OK (not empty)
/home/joegi/OpenFOAM/of_courses/advanced_training_2016/dakota63/dakota_openfoam_cases/naca_shape/multidim/multi1/workdir.4
/home/joegi/OpenFOAM/of_courses/advanced_training_2016/dakota63/dakota_openfoam_cases/naca_shape/multidim/multi1/workdir.2
Is the current directory: 
Is the current directory: 
************************************
************************************
************************************
************************************
Running in directory: 
Running in directory: 
/home/joegi/OpenFOAM/of_courses/advanced_training_2016/dakota63/dakota_openfoam_cases/naca_shape/multidim/multi1/workdir.6
/home/joegi/OpenFOAM/of_courses/advanced_training_2016/dakota63/dakota_openfoam_cases/naca_shape/multidim/multi1/workdir.5
************************************
************************************
************************************
results.out OK (not empty)
/home/joegi/OpenFOAM/of_courses/advanced_training_2016/dakota63/dakota_openfoam_cases/naca_shape/multidim/multi1/workdir.1
Is the current directory: 
************************************
************************************
Running in directory: 
/home/joegi/OpenFOAM/of_courses/advanced_training_2016/dakota63/dakota_openfoam_cases/naca_shape/multidim/multi1/workdir.7
************************************
************************************
results.out OK (not empty)
/home/joegi/OpenFOAM/of_courses/advanced_training_2016/dakota63/dakota_openfoam_cases/naca_shape/multidim/multi1/workdir.3
Is the current directory: 
************************************
************************************
Running in directory: 
/home/joegi/OpenFOAM/of_courses/advanced_training_2016/dakota63/dakota_openfoam_cases/naca_shape/multidim/multi1/workdir.8
************************************
************************************
results.out OK (not empty)
/home/joegi/OpenFOAM/of_courses/advanced_training_2016/dakota63/dakota_openfoam_cases/naca_shape/multidim/multi1/workdir.5
Is the current directory: 
************************************
************************************
Running in directory: 
/home/joegi/OpenFOAM/of_courses/advanced_training_2016/dakota63/dakota_openfoam_cases/naca_shape/multidim/multi1/workdir.9
************************************
************************************
results.out OK (not empty)
/home/joegi/OpenFOAM/of_courses/advanced_training_2016/dakota63/dakota_openfoam_cases/naca_shape/multidim/multi1/workdir.6
Is the current directory: 
************************************
************************************
Running in directory: 
/home/joegi/OpenFOAM/of_courses/advanced_training_2016/dakota63/dakota_openfoam_cases/naca_shape/multidim/multi1/workdir.10
************************************
************************************
results.out OK (not empty)
/home/joegi/OpenFOAM/of_courses/advanced_training_2016/dakota63/dakota_openfoam_cases/naca_shape/multidim/multi1/workdir.7
Is the current directory: 
************************************
************************************
Running in directory: 
/home/joegi/OpenFOAM/of_courses/advanced_training_2016/dakota63/dakota_openfoam_cases/naca_shape/multidim/multi1/workdir.11
************************************
************************************
results.out OK (not empty)
/home/joegi/OpenFOAM/of_courses/advanced_training_2016/dakota63/dakota_openfoam_cases/naca_shape/multidim/multi1/workdir.8
Is the current directory: 
************************************
************************************
Running in directory: 
/home/joegi/OpenFOAM/of_courses/advanced_training_2016/dakota63/dakota_openfoam_cases/naca_shape/multidim/multi1/workdir.12
************************************
************************************
results.out OK (not empty)
/home/joegi/OpenFOAM/of_courses/advanced_training_2016/dakota63/dakota_openfoam_cases/naca_shape/multidim/multi1/workdir.10
Is the current directory: 
************************************
************************************
Running in directory: 
/home/joegi/OpenFOAM/of_courses/advanced_training_2016/dakota63/dakota_openfoam_cases/naca_shape/multidim/multi1/workdir.13
************************************
************************************
results.out OK (not empty)
/home/joegi/OpenFOAM/of_courses/advanced_training_2016/dakota63/dakota_openfoam_cases/naca_shape/multidim/multi1/workdir.11
Is the current directory: 
************************************
************************************
Running in directory: 
/home/joegi/OpenFOAM/of_courses/advanced_training_2016/dakota63/dakota_openfoam_cases/naca_shape/multidim/multi1/workdir.14
************************************
************************************
results.out OK (not empty)
/home/joegi/OpenFOAM/of_courses/advanced_training_2016/dakota63/dakota_openfoam_cases/naca_shape/multidim/multi1/workdir.9
Is the current directory: 
************************************
************************************
Running in directory: 
/home/joegi/OpenFOAM/of_courses/advanced_training_2016/dakota63/dakota_openfoam_cases/naca_shape/multidim/multi1/workdir.15
************************************
************************************
results.out OK (not empty)
/home/joegi/OpenFOAM/of_courses/advanced_training_2016/dakota63/dakota_openfoam_cases/naca_shape/multidim/multi1/workdir.12
Is the current directory: 
************************************
************************************
Running in directory: 
/home/joegi/OpenFOAM/of_courses/advanced_training_2016/dakota63/dakota_openfoam_cases/naca_shape/multidim/multi1/workdir.16
************************************
************************************
results.out OK (not empty)
/home/joegi/OpenFOAM/of_courses/advanced_training_2016/dakota63/dakota_openfoam_cases/naca_shape/multidim/multi1/workdir.13
Is the current directory: 
************************************
************************************
Running in directory: 
/home/joegi/OpenFOAM/of_courses/advanced_training_2016/dakota63/dakota_openfoam_cases/naca_shape/multidim/multi1/workdir.17
************************************
************************************
results.out OK (not empty)
/home/joegi/OpenFOAM/of_courses/advanced_training_2016/dakota63/dakota_openfoam_cases/naca_shape/multidim/multi1/workdir.14
Is the current directory: 
************************************
************************************
Running in directory: 
/home/joegi/OpenFOAM/of_courses/advanced_training_2016/dakota63/dakota_openfoam_cases/naca_shape/multidim/multi1/workdir.18
************************************
************************************
results.out OK (not empty)
/home/joegi/OpenFOAM/of_courses/advanced_training_2016/dakota63/dakota_openfoam_cases/naca_shape/multidim/multi1/workdir.16
Is the current directory: 
************************************
************************************
Running in directory: 
/home/joegi/OpenFOAM/of_courses/advanced_training_2016/dakota63/dakota_openfoam_cases/naca_shape/multidim/multi1/workdir.19
************************************
************************************
results.out OK (not empty)
/home/joegi/OpenFOAM/of_courses/advanced_training_2016/dakota63/dakota_openfoam_cases/naca_shape/multidim/multi1/workdir.15
Is the current directory: 
************************************
************************************
Running in directory: 
/home/joegi/OpenFOAM/of_courses/advanced_training_2016/dakota63/dakota_openfoam_cases/naca_shape/multidim/multi1/workdir.20
************************************
************************************
results.out OK (not empty)
/home/joegi/OpenFOAM/of_courses/advanced_training_2016/dakota63/dakota_openfoam_cases/naca_shape/multidim/multi1/workdir.17
Is the current directory: 
************************************
************************************
Running in directory: 
/home/joegi/OpenFOAM/of_courses/advanced_training_2016/dakota63/dakota_openfoam_cases/naca_shape/multidim/multi1/workdir.21
************************************
************************************
results.out OK (not empty)
/home/joegi/OpenFOAM/of_courses/advanced_training_2016/dakota63/dakota_openfoam_cases/naca_shape/multidim/multi1/workdir.18
Is the current directory: 
************************************
************************************
Running in directory: 
/home/joegi/OpenFOAM/of_courses/advanced_training_2016/dakota63/dakota_openfoam_cases/naca_shape/multidim/multi1/workdir.22
************************************
************************************
results.out OK (not empty)
/home/joegi/OpenFOAM/of_courses/advanced_training_2016/dakota63/dakota_openfoam_cases/naca_shape/multidim/multi1/workdir.20
Is the current directory: 
************************************
************************************
Running in directory: 
/home/joegi/OpenFOAM/of_courses/advanced_training_2016/dakota63/dakota_openfoam_cases/naca_shape/multidim/multi1/workdir.23
************************************
************************************
results.out OK (not empty)
/home/joegi/OpenFOAM/of_courses/advanced_training_2016/dakota63/dakota_openfoam_cases/naca_shape/multidim/multi1/workdir.19
Is the current directory: 
************************************
************************************
Running in directory: 
/home/joegi/OpenFOAM/of_courses/advanced_training_2016/dakota63/dakota_openfoam_cases/naca_shape/multidim/multi1/workdir.24
************************************
************************************
results.out OK (not empty)
/home/joegi/OpenFOAM/of_courses/advanced_training_2016/dakota63/dakota_openfoam_cases/naca_shape/multidim/multi1/workdir.21
Is the current directory: 
************************************
************************************
Running in directory: 
/home/joegi/OpenFOAM/of_courses/advanced_training_2016/dakota63/dakota_openfoam_cases/naca_shape/multidim/multi1/workdir.25
************************************
************************************
results.out OK (not empty)
/home/joegi/OpenFOAM/of_courses/advanced_training_2016/dakota63/dakota_openfoam_cases/naca_shape/multidim/multi1/workdir.22
Is the current directory: 
************************************
************************************
Running in directory: 
/home/joegi/OpenFOAM/of_courses/advanced_training_2016/dakota63/dakota_openfoam_cases/naca_shape/multidim/multi1/workdir.26
************************************
************************************
results.out OK (not empty)
/home/joegi/OpenFOAM/of_courses/advanced_training_2016/dakota63/dakota_openfoam_cases/naca_shape/multidim/multi1/workdir.24
Is the current directory: 
************************************
************************************
Running in directory: 
/home/joegi/OpenFOAM/of_courses/advanced_training_2016/dakota63/dakota_openfoam_cases/naca_shape/multidim/multi1/workdir.27
************************************
************************************
results.out OK (not empty)
/home/joegi/OpenFOAM/of_courses/advanced_training_2016/dakota63/dakota_openfoam_cases/naca_shape/multidim/multi1/workdir.23
Is the current directory: 
************************************
************************************
Running in directory: 
/home/joegi/OpenFOAM/of_courses/advanced_training_2016/dakota63/dakota_openfoam_cases/naca_shape/multidim/multi1/workdir.28
************************************
************************************
results.out OK (not empty)
/home/joegi/OpenFOAM/of_courses/advanced_training_2016/dakota63/dakota_openfoam_cases/naca_shape/multidim/multi1/workdir.25
Is the current directory: 
************************************
************************************
Running in directory: 
/home/joegi/OpenFOAM/of_courses/advanced_training_2016/dakota63/dakota_openfoam_cases/naca_shape/multidim/multi1/workdir.29
************************************
************************************
results.out OK (not empty)
/home/joegi/OpenFOAM/of_courses/advanced_training_2016/dakota63/dakota_openfoam_cases/naca_shape/multidim/multi1/workdir.26
Is the current directory: 
************************************
************************************
Running in directory: 
/home/joegi/OpenFOAM/of_courses/advanced_training_2016/dakota63/dakota_openfoam_cases/naca_shape/multidim/multi1/workdir.30
************************************
************************************
results.out OK (not empty)
/home/joegi/OpenFOAM/of_courses/advanced_training_2016/dakota63/dakota_openfoam_cases/naca_shape/multidim/multi1/workdir.27
Is the current directory: 
************************************
************************************
Running in directory: 
/home/joegi/OpenFOAM/of_courses/advanced_training_2016/dakota63/dakota_openfoam_cases/naca_shape/multidim/multi1/workdir.31
************************************
************************************
results.out OK (not empty)
/home/joegi/OpenFOAM/of_courses/advanced_training_2016/dakota63/dakota_openfoam_cases/naca_shape/multidim/multi1/workdir.28
Is the current directory: 
************************************
************************************
Running in directory: 
/home/joegi/OpenFOAM/of_courses/advanced_training_2016/dakota63/dakota_openfoam_cases/naca_shape/multidim/multi1/workdir.32
************************************
************************************
results.out OK (not empty)
/home/joegi/OpenFOAM/of_courses/advanced_training_2016/dakota63/dakota_openfoam_cases/naca_shape/multidim/multi1/workdir.29
Is the current directory: 
************************************
************************************
Running in directory: 
/home/joegi/OpenFOAM/of_courses/advanced_training_2016/dakota63/dakota_openfoam_cases/naca_shape/multidim/multi1/workdir.33
************************************
************************************
results.out OK (not empty)
/home/joegi/OpenFOAM/of_courses/advanced_training_2016/dakota63/dakota_openfoam_cases/naca_shape/multidim/multi1/workdir.30
Is the current directory: 
************************************
************************************
Running in directory: 
/home/joegi/OpenFOAM/of_courses/advanced_training_2016/dakota63/dakota_openfoam_cases/naca_shape/multidim/multi1/workdir.34
************************************
************************************
results.out OK (not empty)
/home/joegi/OpenFOAM/of_courses/advanced_training_2016/dakota63/dakota_openfoam_cases/naca_shape/multidim/multi1/workdir.31
Is the current directory: 
************************************
************************************
Running in directory: 
/home/joegi/OpenFOAM/of_courses/advanced_training_2016/dakota63/dakota_openfoam_cases/naca_shape/multidim/multi1/workdir.35
************************************
************************************
results.out OK (not empty)
/home/joegi/OpenFOAM/of_courses/advanced_training_2016/dakota63/dakota_openfoam_cases/naca_shape/multidim/multi1/workdir.32
Is the current directory: 
************************************
************************************
Running in directory: 
/home/joegi/OpenFOAM/of_courses/advanced_training_2016/dakota63/dakota_openfoam_cases/naca_shape/multidim/multi1/workdir.36
************************************
************************************
results.out OK (not empty)
/home/joegi/OpenFOAM/of_courses/advanced_training_2016/dakota63/dakota_openfoam_cases/naca_shape/multidim/multi1/workdir.33
Is the current directory: 
************************************
************************************
Running in directory: 
/home/joegi/OpenFOAM/of_courses/advanced_training_2016/dakota63/dakota_openfoam_cases/naca_shape/multidim/multi1/workdir.37
************************************
************************************
results.out OK (not empty)
/home/joegi/OpenFOAM/of_courses/advanced_training_2016/dakota63/dakota_openfoam_cases/naca_shape/multidim/multi1/workdir.34
Is the current directory: 
************************************
************************************
Running in directory: 
/home/joegi/OpenFOAM/of_courses/advanced_training_2016/dakota63/dakota_openfoam_cases/naca_shape/multidim/multi1/workdir.38
************************************
************************************
results.out OK (not empty)
/home/joegi/OpenFOAM/of_courses/advanced_training_2016/dakota63/dakota_openfoam_cases/naca_shape/multidim/multi1/workdir.35
Is the current directory: 
************************************
************************************
Running in directory: 
/home/joegi/OpenFOAM/of_courses/advanced_training_2016/dakota63/dakota_openfoam_cases/naca_shape/multidim/multi1/workdir.39
************************************
************************************
results.out OK (not empty)
/home/joegi/OpenFOAM/of_courses/advanced_training_2016/dakota63/dakota_openfoam_cases/naca_shape/multidim/multi1/workdir.37
Is the current directory: 
************************************
************************************
Running in directory: 
/home/joegi/OpenFOAM/of_courses/advanced_training_2016/dakota63/dakota_openfoam_cases/naca_shape/multidim/multi1/workdir.40
************************************
************************************
results.out OK (not empty)
/home/joegi/OpenFOAM/of_courses/advanced_training_2016/dakota63/dakota_openfoam_cases/naca_shape/multidim/multi1/workdir.36
Is the current directory: 
************************************
************************************
Running in directory: 
/home/joegi/OpenFOAM/of_courses/advanced_training_2016/dakota63/dakota_openfoam_cases/naca_shape/multidim/multi1/workdir.41
************************************
************************************
results.out OK (not empty)
/home/joegi/OpenFOAM/of_courses/advanced_training_2016/dakota63/dakota_openfoam_cases/naca_shape/multidim/multi1/workdir.38
Is the current directory: 
************************************
************************************
Running in directory: 
/home/joegi/OpenFOAM/of_courses/advanced_training_2016/dakota63/dakota_openfoam_cases/naca_shape/multidim/multi1/workdir.42
************************************
************************************
results.out OK (not empty)
/home/joegi/OpenFOAM/of_courses/advanced_training_2016/dakota63/dakota_openfoam_cases/naca_shape/multidim/multi1/workdir.39
Is the current directory: 
************************************
************************************
Running in directory: 
/home/joegi/OpenFOAM/of_courses/advanced_training_2016/dakota63/dakota_openfoam_cases/naca_shape/multidim/multi1/workdir.43
************************************
************************************
results.out OK (not empty)
/home/joegi/OpenFOAM/of_courses/advanced_training_2016/dakota63/dakota_openfoam_cases/naca_shape/multidim/multi1/workdir.40
Is the current directory: 
************************************
************************************
Running in directory: 
/home/joegi/OpenFOAM/of_courses/advanced_training_2016/dakota63/dakota_openfoam_cases/naca_shape/multidim/multi1/workdir.44
************************************
************************************
results.out OK (not empty)
/home/joegi/OpenFOAM/of_courses/advanced_training_2016/dakota63/dakota_openfoam_cases/naca_shape/multidim/multi1/workdir.42
Is the current directory: 
************************************
************************************
Running in directory: 
/home/joegi/OpenFOAM/of_courses/advanced_training_2016/dakota63/dakota_openfoam_cases/naca_shape/multidim/multi1/workdir.45
************************************
************************************
results.out OK (not empty)
/home/joegi/OpenFOAM/of_courses/advanced_training_2016/dakota63/dakota_openfoam_cases/naca_shape/multidim/multi1/workdir.41
Is the current directory: 
************************************
************************************
Running in directory: 
/home/joegi/OpenFOAM/of_courses/advanced_training_2016/dakota63/dakota_openfoam_cases/naca_shape/multidim/multi1/workdir.46
************************************
************************************
results.out OK (not empty)
/home/joegi/OpenFOAM/of_courses/advanced_training_2016/dakota63/dakota_openfoam_cases/naca_shape/multidim/multi1/workdir.44
Is the current directory: 
************************************
************************************
Running in directory: 
/home/joegi/OpenFOAM/of_courses/advanced_training_2016/dakota63/dakota_openfoam_cases/naca_shape/multidim/multi1/workdir.47
************************************
************************************
results.out OK (not empty)
/home/joegi/OpenFOAM/of_courses/advanced_training_2016/dakota63/dakota_openfoam_cases/naca_shape/multidim/multi1/workdir.45
Is the current directory: 
************************************
************************************
Running in directory: 
/home/joegi/OpenFOAM/of_courses/advanced_training_2016/dakota63/dakota_openfoam_cases/naca_shape/multidim/multi1/workdir.48
************************************
************************************
results.out OK (not empty)
/home/joegi/OpenFOAM/of_courses/advanced_training_2016/dakota63/dakota_openfoam_cases/naca_shape/multidim/multi1/workdir.43
Is the current directory: 
************************************
************************************
Running in directory: 
/home/joegi/OpenFOAM/of_courses/advanced_training_2016/dakota63/dakota_openfoam_cases/naca_shape/multidim/multi1/workdir.49
************************************
************************************
results.out OK (not empty)
/home/joegi/OpenFOAM/of_courses/advanced_training_2016/dakota63/dakota_openfoam_cases/naca_shape/multidim/multi1/workdir.46
Is the current directory: 
************************************
************************************
Running in directory: 
/home/joegi/OpenFOAM/of_courses/advanced_training_2016/dakota63/dakota_openfoam_cases/naca_shape/multidim/multi1/workdir.50
************************************
************************************
results.out OK (not empty)
/home/joegi/OpenFOAM/of_courses/advanced_training_2016/dakota63/dakota_openfoam_cases/naca_shape/multidim/multi1/workdir.47
Is the current directory: 
************************************
************************************
Running in directory: 
/home/joegi/OpenFOAM/of_courses/advanced_training_2016/dakota63/dakota_openfoam_cases/naca_shape/multidim/multi1/workdir.51
************************************
************************************
results.out OK (not empty)
/home/joegi/OpenFOAM/of_courses/advanced_training_2016/dakota63/dakota_openfoam_cases/naca_shape/multidim/multi1/workdir.49
Is the current directory: 
************************************
************************************
Running in directory: 
/home/joegi/OpenFOAM/of_courses/advanced_training_2016/dakota63/dakota_openfoam_cases/naca_shape/multidim/multi1/workdir.52
************************************
************************************
results.out OK (not empty)
/home/joegi/OpenFOAM/of_courses/advanced_training_2016/dakota63/dakota_openfoam_cases/naca_shape/multidim/multi1/workdir.48
Is the current directory: 
************************************
************************************
Running in directory: 
/home/joegi/OpenFOAM/of_courses/advanced_training_2016/dakota63/dakota_openfoam_cases/naca_shape/multidim/multi1/workdir.53
************************************
************************************
results.out OK (not empty)
/home/joegi/OpenFOAM/of_courses/advanced_training_2016/dakota63/dakota_openfoam_cases/naca_shape/multidim/multi1/workdir.50
Is the current directory: 
************************************
************************************
Running in directory: 
/home/joegi/OpenFOAM/of_courses/advanced_training_2016/dakota63/dakota_openfoam_cases/naca_shape/multidim/multi1/workdir.54
************************************
************************************
results.out OK (not empty)
/home/joegi/OpenFOAM/of_courses/advanced_training_2016/dakota63/dakota_openfoam_cases/naca_shape/multidim/multi1/workdir.51
Is the current directory: 
************************************
************************************
results.out OK (not empty)
/home/joegi/OpenFOAM/of_courses/advanced_training_2016/dakota63/dakota_openfoam_cases/naca_shape/multidim/multi1/workdir.52
Is the current directory: 
************************************
************************************
results.out OK (not empty)
/home/joegi/OpenFOAM/of_courses/advanced_training_2016/dakota63/dakota_openfoam_cases/naca_shape/multidim/multi1/workdir.53
Is the current directory: 
************************************
************************************
results.out OK (not empty)
/home/joegi/OpenFOAM/of_courses/advanced_training_2016/dakota63/dakota_openfoam_cases/naca_shape/multidim/multi1/workdir.54
Is the current directory: 
************************************
